<?xml version="1.0" encoding="UTF-8"?>
<!-- Generated by org.testng.reporters.JUnitReportReporter -->
<testsuite hostname="eqb-korogodsky" name="AfunnelTest" tests="1" failures="0" timestamp="26 Dec 2016 12:01:23 GMT" time="15.752" errors="0">
  <testcase name="testPageTitleInChrome" time="15.752" classname="AfunnelTest"/>
</testsuite> <!-- AfunnelTest -->
